Processing ID :  1
 Timestep :  50 ID :  1
 Continued to :  050  ... 
 Continued to :  060  ... 
 Continued to :  070  ... 
 
 >   Division into :  17  and  19  at  74
   
 >   Timestep :  75 ID :  17
 >   Continued to :  080  ... 
 >   Continued to :  090  ... 
 >   Continued to :  100  ... 
 >   Continued to :  110  ... 
 >   Continued to :  120  ... 
 
 >   >   Division into :  48  and  49  at  125
   
 >   >   Timestep :  126 ID :  48
 >   >   Continued to :  130  ... 
 >   >    >  Reached End of Tracked Sequence 
 >   >   Timestep :  126 ID :  49
 >   >   Continued to :  130  ... 
 >   >    >  Reached End of Tracked Sequence 
 >   Timestep :  75 ID :  19
 >   Continued to :  080  ... 
 >   Continued to :  090  ... 
 >   Continued to :  100  ... 
 >   Continued to :  110  ... 
 >   Continued to :  120  ... 
 
 >   >   Division into :  52  and  53  at  127
   
 >   >   Timestep :  128 ID :  52
 >   >   Continued to :  130  ... 
 >   >    >  Reached End of Tracked Sequence 
 >   >   Timestep :  128 ID :  53
 >   >   Continued to :  130  ... 
 >   >    >  Reached End of Tracked Sequence 
Processing ID :  2
 Timestep :  50 ID :  2
 Continued to :  050  ... 
 Continued to :  060  ... 
 Continued to :  070  ... 
 
 >   Division into :  18  and  20  at  74
   
 >   Timestep :  75 ID :  18
 >   Continued to :  080  ... 
 >   Continued to :  090  ... 
 >   Continued to :  100  ... 
 >   Continued to :  110  ... 
 
 >   >   Division into :  36  and  37  at  120
   
 >   >   Timestep :  121 ID :  36
 >   >   Continued to :  130  ... 
 >   >    >  Reached End of Tracked Sequence 
 >   >   Timestep :  121 ID :  37
 >   >   Continued to :  130  ... 
 >   >    >  Reached End of Tracked Sequence 
 >   Timestep :  75 ID :  20
 >   Continued to :  080  ... 
 >   Continued to :  090  ... 
 >   Continued to :  100  ... 
 >   Continued to :  110  ... 
 >   Continued to :  120  ... 
 
 >   >   Division into :  41  and  42  at  121
   
 >   >   Timestep :  122 ID :  41
 >   >   Continued to :  130  ... 
 >   >    >  Reached End of Tracked Sequence 
 >   >   Timestep :  122 ID :  42
 >   >   Continued to :  130  ... 
 >   >    >  Reached End of Tracked Sequence 
Processing ID :  3
 Timestep :  50 ID :  3
 Continued to :  050  ... 
 Continued to :  060  ... 
 Continued to :  070  ... 
 
 >   Division into :  7  and  9  at  75
   
 >   Timestep :  76 ID :  7
 >   Continued to :  080  ... 
 >   Continued to :  090  ... 
 >   Continued to :  100  ... 
 >   Continued to :  110  ... 
 >   Continued to :  120  ... 
 
 >   >   Division into :  50  and  51  at  127
   
 >   >   Timestep :  128 ID :  50
 >   >   Continued to :  130  ... 
 >   >    >  Reached End of Tracked Sequence 
 >   >   Timestep :  128 ID :  51
 >   >   Continued to :  130  ... 
 >   >    >  Reached End of Tracked Sequence 
 >   Timestep :  76 ID :  9
 >   Continued to :  080  ... 
 >   Continued to :  090  ... 
 >   Continued to :  100  ... 
 >   Continued to :  110  ... 
 >   Continued to :  120  ... 
 
 >   >   Division into :  48  and  51  at  126
   
 >   >   Timestep :  127 ID :  48
 >   >   Continued to :  130  ... 
 >   >    >  Reached End of Tracked Sequence 
 >   >   Timestep :  127 ID :  51
 >   >   Continued to :  130  ... 
 >   >    >  Reached End of Tracked Sequence 
Processing ID :  4
 Timestep :  50 ID :  4
 Continued to :  050  ... 
 Continued to :  060  ... 
 Continued to :  070  ... 
 
 >   Division into :  25  and  26  at  77
   
 >   Timestep :  78 ID :  25
 >   Continued to :  080  ... 
 >   Continued to :  090  ... 
 >   Continued to :  100  ... 
 >   Continued to :  110  ... 
 >   Continued to :  120  ... 
 
 >   >   Division into :  44  and  45  at  124
   
 >   >   Timestep :  125 ID :  44
 >   >   Continued to :  130  ... 
 >   >    >  Reached End of Tracked Sequence 
 >   >   Timestep :  125 ID :  45
 >   >   Continued to :  130  ... 
 >   >    >  Reached End of Tracked Sequence 
 >   Timestep :  78 ID :  26
 >   Continued to :  080  ... 
 >   Continued to :  090  ... 
 >   Continued to :  100  ... 
 >   Continued to :  110  ... 
 >   Continued to :  120  ... 
 
 >   >   Division into :  49  and  50  at  126
   
 >   >   Timestep :  127 ID :  49
 >   >   Continued to :  130  ... 
 >   >    >  Reached End of Tracked Sequence 
 >   >   Timestep :  127 ID :  50
 >   >   Continued to :  130  ... 
 >   >    >  Reached End of Tracked Sequence 
Processing ID :  5
 Timestep :  50 ID :  5
 Continued to :  050  ... 
 Continued to :  060  ... 
 Continued to :  070  ... 
 
 >   Division into :  1  and  9  at  72
   
 >   Timestep :  73 ID :  1
 >   Continued to :  080  ... 
 >   Continued to :  090  ... 
 >   Continued to :  100  ... 
 >   Continued to :  110  ... 
 
 >   >   Division into :  33  and  34  at  118
   
 >   >   Timestep :  119 ID :  33
 >   >   Continued to :  120  ... 
 >   >   Continued to :  130  ... 
 >   >    >  Reached End of Tracked Sequence 
 >   >   Timestep :  119 ID :  34
 >   >   Continued to :  120  ... 
 >   >   Continued to :  130  ... 
 >   >    >  Reached End of Tracked Sequence 
 >   Timestep :  73 ID :  9
 >   Continued to :  080  ... 
 >   Continued to :  090  ... 
 >   Continued to :  100  ... 
 >   Continued to :  110  ... 
 
 >   >   Division into :  38  and  39  at  120
   
 >   >   Timestep :  121 ID :  38
 >   >   Continued to :  130  ... 
 >   >    >  Reached End of Tracked Sequence 
 >   >   Timestep :  121 ID :  39
 >   >   Continued to :  130  ... 
 >   >    >  Reached End of Tracked Sequence 
Processing ID :  6
 Timestep :  50 ID :  6
 Continued to :  050  ... 
 Continued to :  060  ... 
 Continued to :  070  ... 
 
 >   Division into :  2  and  17  at  75
   
 >   Timestep :  76 ID :  2
 >   Continued to :  080  ... 
 >   Continued to :  090  ... 
 >   Continued to :  100  ... 
 >   Continued to :  110  ... 
 >   Continued to :  120  ... 
 
 >   >   Division into :  46  and  47  at  124
   
 >   >   Timestep :  125 ID :  46
 >   >   Continued to :  130  ... 
 >   >    >  Reached End of Tracked Sequence 
 >   >   Timestep :  125 ID :  47
 >   >   Continued to :  130  ... 
 >   >    >  Reached End of Tracked Sequence 
 >   Timestep :  76 ID :  17
 >   Continued to :  080  ... 
 >   Continued to :  090  ... 
 >   Continued to :  100  ... 
 >   Continued to :  110  ... 
 >   Continued to :  120  ... 
 
 >   >   Division into :  38  and  39  at  121
   
 >   >   Timestep :  122 ID :  38
 >   >   Continued to :  130  ... 
 >   >    >  Reached End of Tracked Sequence 
 >   >   Timestep :  122 ID :  39
 >   >   Continued to :  130  ... 
 >   >    >  Reached End of Tracked Sequence 
Processing ID :  7
 Timestep :  50 ID :  7
 Continued to :  050  ... 
 Continued to :  060  ... 
 Continued to :  070  ... 
 Continued to :  080  ... 
 
 >   Division into :  28  and  29  at  82
   
 >   Timestep :  83 ID :  28
 >   Continued to :  090  ... 
 >   Continued to :  100  ... 
 >   Continued to :  110  ... 
 >   Continued to :  120  ... 
 >   Continued to :  130  ... 
 >    >  Reached End of Tracked Sequence 
 >   Timestep :  83 ID :  29
 >   Continued to :  090  ... 
 >   Continued to :  100  ... 
 >   Continued to :  110  ... 
 >   Continued to :  120  ... 
 >   Continued to :  130  ... 
 
 >   >   Division into :  16  and  18  at  131
   
 >   >   Timestep :  132 ID :  16
 >   >    >  Reached End of Tracked Sequence 
 >   >   Timestep :  132 ID :  18
 >   >    >  Reached End of Tracked Sequence 
Processing ID :  8
 Timestep :  50 ID :  8
 Continued to :  050  ... 
 Continued to :  060  ... 
 Continued to :  070  ... 
 
 >   Division into :  17  and  18  at  71
   
 >   Timestep :  72 ID :  17
 >   Continued to :  080  ... 
 >   Continued to :  090  ... 
 >   Continued to :  100  ... 
 >   Continued to :  110  ... 
 >   Continued to :  120  ... 
 
 >   >   Division into :  41  and  42  at  122
   
 >   >   Timestep :  123 ID :  41
 >   >   Continued to :  130  ... 
 >   >    >  Reached End of Tracked Sequence 
 >   >   Timestep :  123 ID :  42
 >   >   Continued to :  130  ... 
 >   >    >  Reached End of Tracked Sequence 
 >   Timestep :  72 ID :  18
 >   Continued to :  080  ... 
 >   Continued to :  090  ... 
 >   Continued to :  100  ... 
 >   Continued to :  110  ... 
 
 >   >   Division into :  32  and  33  at  111
   
 >   >   Timestep :  112 ID :  32
 >   >   Continued to :  120  ... 
 >   >   Continued to :  130  ... 
 >   >    >  Reached End of Tracked Sequence 
 >   >   Timestep :  112 ID :  33
 >   >   Continued to :  120  ... 
 >   >   Continued to :  130  ... 
 >   >    >  Reached End of Tracked Sequence 
Processing ID :  9
 Timestep :  50 ID :  9
 Continued to :  050  ... 
 Continued to :  060  ... 
 Continued to :  070  ... 
 
 >   Division into :  26  and  27  at  78
   
 >   Timestep :  79 ID :  26
 >   Continued to :  080  ... 
 >   Continued to :  090  ... 
 >   Continued to :  100  ... 
 >   Continued to :  110  ... 
 >   Continued to :  120  ... 
 >   Continued to :  130  ... 
 
 >   >   Division into :  3  and  48  at  134
   
 >   >   Timestep :  135 ID :  3
 >   >    >  Reached End of Tracked Sequence 
 >   >   Timestep :  135 ID :  48
 >   >    >  Reached End of Tracked Sequence 
 >   Timestep :  79 ID :  27
 >   Continued to :  080  ... 
 >   Continued to :  090  ... 
 >   Continued to :  100  ... 
 >   Continued to :  110  ... 
 >   Continued to :  120  ... 
 >   Continued to :  130  ... 
 >    >  Reached End of Tracked Sequence 
Processing ID :  10
 Timestep :  50 ID :  10
 Continued to :  050  ... 
 Continued to :  060  ... 
 Continued to :  070  ... 
 Continued to :  080  ... 
 
 >   Division into :  29  and  31  at  83
   
 >   Timestep :  84 ID :  29
 >   Continued to :  090  ... 
 >   Continued to :  100  ... 
 >   Continued to :  110  ... 
 >   Continued to :  120  ... 
 >   Continued to :  130  ... 
 
 >   >   Division into :  39  and  55  at  132
   
 >   >   Timestep :  133 ID :  39
 >   >    >  Reached End of Tracked Sequence 
 >   >   Timestep :  133 ID :  55
 >   >    >  Reached End of Tracked Sequence 
 >   Timestep :  84 ID :  31
 >   Continued to :  090  ... 
 >   Continued to :  100  ... 
 >   Continued to :  110  ... 
 >   Continued to :  120  ... 
 >   Continued to :  130  ... 
 >    >  Reached End of Tracked Sequence 
Processing ID :  11
 Timestep :  50 ID :  11
 Continued to :  050  ... 
 Continued to :  060  ... 
 Continued to :  070  ... 
 Continued to :  080  ... 
 
 >   Division into :  28  and  30  at  83
   
 >   Timestep :  84 ID :  28
 >   Continued to :  090  ... 
 >   Continued to :  100  ... 
 >   Continued to :  110  ... 
 >   Continued to :  120  ... 
 >   Continued to :  130  ... 
 >    >  Reached End of Tracked Sequence 
 >   Timestep :  84 ID :  30
 >   Continued to :  090  ... 
 >   Continued to :  100  ... 
 >   Continued to :  110  ... 
 >   Continued to :  120  ... 
 >   Continued to :  130  ... 
 
 >   >   Division into :  17  and  42  at  131
   
 >   >   Timestep :  132 ID :  17
 >   >    >  Reached End of Tracked Sequence 
 >   >   Timestep :  132 ID :  42
 >   >    >  Reached End of Tracked Sequence 
Processing ID :  12
 Timestep :  50 ID :  12
 Continued to :  050  ... 
 Continued to :  060  ... 
 Continued to :  070  ... 
 
 >   Division into :  15  and  16  at  71
   
 >   Timestep :  72 ID :  15
 >   Continued to :  080  ... 
 >   Continued to :  090  ... 
 >   Continued to :  100  ... 
 >   Continued to :  110  ... 
 
 >   >   Division into :  34  and  37  at  119
   
 >   >   Timestep :  120 ID :  34
 >   >   Continued to :  120  ... 
 >   >   Continued to :  130  ... 
 >   >    >  Reached End of Tracked Sequence 
 >   >   Timestep :  120 ID :  37
 >   >   Continued to :  120  ... 
 >   >   Continued to :  130  ... 
 >   >    >  Reached End of Tracked Sequence 
 >   Timestep :  72 ID :  16
 >   Continued to :  080  ... 
 >   Continued to :  090  ... 
 >   Continued to :  100  ... 
 >   Continued to :  110  ... 
 >   Continued to :  120  ... 
 
 >   >   Division into :  37  and  40  at  121
   
 >   >   Timestep :  122 ID :  37
 >   >   Continued to :  130  ... 
 >   >    >  Reached End of Tracked Sequence 
 >   >   Timestep :  122 ID :  40
 >   >   Continued to :  130  ... 
 >   >    >  Reached End of Tracked Sequence 
Processing ID :  13
 Timestep :  50 ID :  13
 Continued to :  050  ... 
 Continued to :  060  ... 
 Continued to :  070  ... 
 
 >   Division into :  21  and  22  at  74
   
 >   Timestep :  75 ID :  21
 >   Continued to :  080  ... 
 >   Continued to :  090  ... 
 >   Continued to :  100  ... 
 >   Continued to :  110  ... 
 >   Continued to :  120  ... 
 
 >   >   Division into :  43  and  44  at  122
   
 >   >   Timestep :  123 ID :  43
 >   >   Continued to :  130  ... 
 >   >    >  Reached End of Tracked Sequence 
 >   >   Timestep :  123 ID :  44
 >   >   Continued to :  130  ... 
 >   >    >  Reached End of Tracked Sequence 
 >   Timestep :  75 ID :  22
 >   Continued to :  080  ... 
 >   Continued to :  090  ... 
 >   Continued to :  100  ... 
 >   Continued to :  110  ... 
 
 >   >   Division into :  35  and  36  at  119
   
 >   >   Timestep :  120 ID :  35
 >   >   Continued to :  120  ... 
 >   >   Continued to :  130  ... 
 >   >    >  Reached End of Tracked Sequence 
 >   >   Timestep :  120 ID :  36
 >   >   Continued to :  120  ... 
 >   >   Continued to :  130  ... 
 >   >    >  Reached End of Tracked Sequence 
Processing ID :  14
 Timestep :  50 ID :  14
 Continued to :  050  ... 
 Continued to :  060  ... 
 Continued to :  070  ... 
 
 >   Division into :  24  and  25  at  75
   
 >   Timestep :  76 ID :  24
 >   Continued to :  080  ... 
 >   Continued to :  090  ... 
 >   Continued to :  100  ... 
 >   Continued to :  110  ... 
 >   Continued to :  120  ... 
 
 >   >   Division into :  46  and  47  at  125
   
 >   >   Timestep :  126 ID :  46
 >   >   Continued to :  130  ... 
 >   >    >  Reached End of Tracked Sequence 
 >   >   Timestep :  126 ID :  47
 >   >   Continued to :  130  ... 
 >   >    >  Reached End of Tracked Sequence 
 >   Timestep :  76 ID :  25
 >   Continued to :  080  ... 
 >   Continued to :  090  ... 
 >   Continued to :  100  ... 
 >   Continued to :  110  ... 
 
 >   >   Division into :  32  and  33  at  119
   
 >   >   Timestep :  120 ID :  32
 >   >   Continued to :  120  ... 
 >   >   Continued to :  130  ... 
 >   >    >  Reached End of Tracked Sequence 
 >   >   Timestep :  120 ID :  33
 >   >   Continued to :  120  ... 
 >   >   Continued to :  130  ... 
 >   >    >  Reached End of Tracked Sequence 
Processing ID :  15
 Timestep :  50 ID :  15
 Continued to :  050  ... 
 Continued to :  060  ... 
 Continued to :  070  ... 
 Continued to :  080  ... 
 
 >   Division into :  31  and  32  at  87
   
 >   Timestep :  88 ID :  31
 >   Continued to :  090  ... 
 >   Continued to :  100  ... 
 >   Continued to :  110  ... 
 >   Continued to :  120  ... 
 >   Continued to :  130  ... 
 
 >   >   Division into :  9  and  31  at  132
   
 >   >   Timestep :  133 ID :  9
 >   >    >  Reached End of Tracked Sequence 
 >   >   Timestep :  133 ID :  31
 >   >    >  Reached End of Tracked Sequence 
 >   Timestep :  88 ID :  32
 >   Continued to :  090  ... 
 >   Continued to :  100  ... 
 >   Continued to :  110  ... 
 >   Continued to :  120  ... 
 >   Continued to :  130  ... 
 >    >  Reached End of Tracked Sequence 
Processing ID :  16
 Timestep :  50 ID :  16
 Continued to :  050  ... 
 Continued to :  060  ... 
 Continued to :  070  ... 
 
 >   Division into :  27  and  28  at  79
   
 >   Timestep :  80 ID :  27
 >   Continued to :  080  ... 
 >   Continued to :  090  ... 
 >   Continued to :  100  ... 
 >   Continued to :  110  ... 
 >   Continued to :  120  ... 
 >   Continued to :  130  ... 
 
 >   >   Division into :  19  and  53  at  131
   
 >   >   Timestep :  132 ID :  19
 >   >    >  Reached End of Tracked Sequence 
 >   >   Timestep :  132 ID :  53
 >   >    >  Reached End of Tracked Sequence 
 >   Timestep :  80 ID :  28
 >   Continued to :  080  ... 
 >   Continued to :  090  ... 
 >   Continued to :  100  ... 
 >   Continued to :  110  ... 
 >   Continued to :  120  ... 
 
 >   >   Division into :  44  and  45  at  123
   
 >   >   Timestep :  124 ID :  44
 >   >   Continued to :  130  ... 
 >   >    >  Reached End of Tracked Sequence 
 >   >   Timestep :  124 ID :  45
 >   >   Continued to :  130  ... 
 >   >    >  Reached End of Tracked Sequence 
